This is pdfTeX, Version 3.1415926-2.5-1.40.14 (TeX Live 2013) (format=pdflatex 2015.12.22)  2 FEB 2016 09:17
entering extended mode
 restricted \write18 enabled.
 %&-line parsing enabled.
**\nonstopmode rapport_de_base.tex
LaTeX Font Info:    External font `cmex10' loaded for size
(Font)              <7> on input line 0.
LaTeX Font Info:    External font `cmex10' loaded for size
(Font)              <5> on input line 0.
! Emergency stop.
<*> \nonstopmode rapport_de_base.tex
                                    
*** (job aborted, no legal \end found)

 
Here is how much of TeX's memory you used:
 4 strings out of 495063
 122 string characters out of 3182200
 45057 words of memory out of 3000000
 3290 multiletter control sequences out of 15000+200000
 3640 words of font info for 14 fonts, out of 3000000 for 9000
 14 hyphenation exceptions out of 8191
 17i,1n,12p,50b,56s stack positions out of 5000i,500n,10000p,200000b,50000s
!  ==> Fatal error occurred, no output PDF file produced!
