\BOOKMARK [0][-]{section*.1}{Table des mati\350res}{}% 1
\BOOKMARK [0][-]{chapter*.2}{Introduction}{}% 2
\BOOKMARK [-1][-]{part.1}{Analyse fonctionnelle}{}% 3
\BOOKMARK [0][-]{chapter.1}{Pr\351sentation du contexte}{part.1}% 4
\BOOKMARK [1][-]{section.1.1}{Acoustique}{chapter.1}% 5
\BOOKMARK [1][-]{section.1.2}{Optique}{chapter.1}% 6
\BOOKMARK [1][-]{section.1.3}{Radiogoniom\351trie}{chapter.1}% 7
\BOOKMARK [1][-]{section.1.4}{Radar}{chapter.1}% 8
\BOOKMARK [1][-]{section.1.5}{Synth\350se}{chapter.1}% 9
\BOOKMARK [0][-]{chapter.2}{Analyse fonctionnelle}{part.1}% 10
\BOOKMARK [1][-]{section.2.1}{Interview}{chapter.2}% 11
\BOOKMARK [1][-]{section.2.2}{Tableau des sp\351cifications}{chapter.2}% 12
\BOOKMARK [1][-]{section.2.3}{Diagramme pieuvre}{chapter.2}% 13
\BOOKMARK [1][-]{section.2.4}{SADT}{chapter.2}% 14
\BOOKMARK [-1][-]{part.2}{\311tat de l'art}{}% 15
\BOOKMARK [0][-]{chapter.3}{Radio-goniom\351trie}{part.2}% 16
\BOOKMARK [1][-]{section.3.1}{Principe}{chapter.3}% 17
\BOOKMARK [0][-]{chapter.4}{Le Montr\351al 3V2}{part.2}% 18
\BOOKMARK [0][-]{chapter*.8}{Conclusion}{part.2}% 19
\BOOKMARK [-1][-]{part.3}{Annexe}{}% 20
\BOOKMARK [0][-]{appendix.A}{Organisation du travail}{part.3}% 21
\BOOKMARK [1][-]{section.A.1}{M\351thode de travail}{appendix.A}% 22
\BOOKMARK [1][-]{section.A.2}{Outils utilis\351s}{appendix.A}% 23
\BOOKMARK [0][-]{section*.10}{Table des figures}{part.3}% 24
\BOOKMARK [0][-]{section*.12}{Bibliographie}{part.3}% 25
